#
# There is insufficient memory for the Java Runtime Environment to continue.
# Native memory allocation (mmap) failed to map 266338304 bytes for G1 virtual space
# Possible reasons:
#   The system is out of physical RAM or swap space
#   The process is running with CompressedOops enabled, and the Java Heap may be blocking the growth of the native heap
# Possible solutions:
#   Reduce memory load on the system
#   Increase physical memory or swap space
#   Check if swap backing store is full
#   Decrease Java heap size (-Xmx/-Xms)
#   Decrease number of Java threads
#   Decrease Java thread stack sizes (-Xss)
#   Set larger code cache with -XX:ReservedCodeCacheSize=
#   JVM is running with Zero Based Compressed Oops mode in which the Java heap is
#     placed in the first 32GB address space. The Java Heap base address is the
#     maximum limit for the native heap growth. Please use -XX:HeapBaseMinAddress
#     to set the Java Heap base and to place the Java Heap above 32GB virtual address.
# This output file may be truncated or incomplete.
#
#  Out of Memory Error (os_windows.cpp:3600), pid=18400, tid=26140
#
# JRE version:  (21.0.4+8) (build )
# Java VM: Java HotSpot(TM) 64-Bit Server VM (21.0.4+8-LTS-274, mixed mode, sharing, tiered, compressed oops, compressed class ptrs, g1 gc, windows-amd64)
# No core dump will be written. Minidumps are not enabled by default on client versions of Windows
#

---------------  S U M M A R Y ------------

Command Line: -javaagent:C:\Program Files\JetBrains\IntelliJ IDEA Community Edition 2024.2.1\lib\idea_rt.jar=54106:C:\Program Files\JetBrains\IntelliJ IDEA Community Edition 2024.2.1\bin -Dfile.encoding=UTF-8 -Dsun.stdout.encoding=UTF-8 -Dsun.stderr.encoding=UTF-8 Test

Host: 11th Gen Intel(R) Core(TM) i5-1135G7 @ 2.40GHz, 8 cores, 15G,  Windows 11 , 64 bit Build 22621 (10.0.22621.3958)
Time: Sun Oct 20 08:42:11 2024 India Standard Time elapsed time: 0.015637 seconds (0d 0h 0m 0s)

---------------  T H R E A D  ---------------

Current thread (0x000001e16e016530):  JavaThread "Unknown thread" [_thread_in_vm, id=26140, stack(0x000000ccdf700000,0x000000ccdf800000) (1024K)]

Stack: [0x000000ccdf700000,0x000000ccdf800000]
Native frames: (J=compiled Java code, j=interpreted, Vv=VM code, C=native code)
V  [jvm.dll+0x6c8e59]
V  [jvm.dll+0x853181]
V  [jvm.dll+0x8556ae]
V  [jvm.dll+0x855d83]
V  [jvm.dll+0x27d526]
V  [jvm.dll+0x6c55f5]
V  [jvm.dll+0x6ba17a]
V  [jvm.dll+0x352a8a]
V  [jvm.dll+0x35a6e6]
V  [jvm.dll+0x3acdae]
V  [jvm.dll+0x3ad058]
V  [jvm.dll+0x326dec]
V  [jvm.dll+0x32794b]
V  [jvm.dll+0x81c569]
V  [jvm.dll+0x3b9a11]
V  [jvm.dll+0x805948]
V  [jvm.dll+0x44ec5e]
V  [jvm.dll+0x450851]
C  [jli.dll+0x52a3]
C  [ucrtbase.dll+0x29333]
C  [KERNEL32.DLL+0x1257d]
C  [ntdll.dll+0x5af08]


---------------  P R O C E S S  ---------------

Threads class SMR info:
_java_thread_list=0x00007ffe3fd06c08, length=0, elements={
}

Java Threads: ( => current thread )
Total: 0

Other Threads:
  0x000001e16e07ee80 WorkerThread "GC Thread#0"                     [id=4496, stack(0x000000ccdf800000,0x000000ccdf900000) (1024K)]
  0x000001e16e0921e0 ConcurrentGCThread "G1 Main Marker"            [id=22256, stack(0x000000ccdf900000,0x000000ccdfa00000) (1024K)]
  0x000001e16e092bf0 WorkerThread "G1 Conc#0"                       [id=10548, stack(0x000000ccdfa00000,0x000000ccdfb00000) (1024K)]

[error occurred during error reporting (printing all threads), id 0xc0000005, EXCEPTION_ACCESS_VIOLATION (0xc0000005) at pc=0x00007ffe3f479577]
VM state: not at safepoint (not fully initialized)

VM Mutex/Monitor currently owned by a thread:  ([mutex/lock_event])
[0x00007ffe3fd77f98] Heap_lock - owner thread: 0x000001e16e016530

Heap address: 0x0000000703600000, size: 4042 MB, Compressed Oops mode: Zero based, Oop shift amount: 3

CDS archive(s) mapped at: [0x0000000000000000-0x0000000000000000-0x0000000000000000), size 0, SharedBaseAddress: 0x0000000800000000, ArchiveRelocationMode: 1.
Narrow klass base: 0x0000000000000000, Narrow klass shift: 0, Narrow klass range: 0x0

GC Precious Log:
 CardTable entry size: 512
 Card Set container configuration: InlinePtr #cards 4 size 8 Array Of Cards #cards 16 size 48 Howl #buckets 8 coarsen threshold 3686 Howl Bitmap #cards 512 size 80 coarsen threshold 460 Card regions per heap region 1 cards per card region 4096

Heap:
 garbage-first heap   total 0K, used 0K [0x0000000703600000, 0x0000000800000000)
  region size 2048K, 0 young (0K), 0 survivors (0K)

[error occurred during error reporting (printing heap information), id 0xc0000005, EXCEPTION_ACCESS_VIOLATION (0xc0000005) at pc=0x00007ffe3f861df9]
GC Heap History (0 events):
No events

Dll operation events (1 events):
Event: 0.011 Loaded shared library C:\Program Files\Java\jdk-21\bin\java.dll

Deoptimization events (0 events):
No events

Classes loaded (0 events):
No events

Classes unloaded (0 events):
No events

Classes redefined (0 events):
No events

Internal exceptions (0 events):
No events

ZGC Phase Switch (0 events):
No events

VM Operations (0 events):
No events

Events (0 events):
No events


Dynamic libraries:
0x00007ff6bd860000 - 0x00007ff6bd870000 	C:\Program Files\Java\jdk-21\bin\java.exe
0x00007ffe9b790000 - 0x00007ffe9b9a7000 	C:\WINDOWS\SYSTEM32\ntdll.dll
0x00007ffe99770000 - 0x00007ffe99834000 	C:\WINDOWS\System32\KERNEL32.DLL
0x00007ffe98d60000 - 0x00007ffe99117000 	C:\WINDOWS\System32\KERNELBASE.dll
0x00007ffe993a0000 - 0x00007ffe994b1000 	C:\WINDOWS\System32\ucrtbase.dll
0x00007ffe8db10000 - 0x00007ffe8db2b000 	C:\Program Files\Java\jdk-21\bin\VCRUNTIME140.dll
0x00007ffe89540000 - 0x00007ffe89559000 	C:\Program Files\Java\jdk-21\bin\jli.dll
0x00007ffe9b080000 - 0x00007ffe9b132000 	C:\WINDOWS\System32\ADVAPI32.dll
0x00007ffe9a020000 - 0x00007ffe9a0c7000 	C:\WINDOWS\System32\msvcrt.dll
0x00007ffe9b150000 - 0x00007ffe9b1f8000 	C:\WINDOWS\System32\sechost.dll
0x00007ffe99120000 - 0x00007ffe99148000 	C:\WINDOWS\System32\bcrypt.dll
0x00007ffe9b200000 - 0x00007ffe9b314000 	C:\WINDOWS\System32\RPCRT4.dll
0x00007ffe995c0000 - 0x00007ffe9976f000 	C:\WINDOWS\System32\USER32.dll
0x00007ffe98aa0000 - 0x00007ffe98ac6000 	C:\WINDOWS\System32\win32u.dll
0x00007ffe84200000 - 0x00007ffe84493000 	C:\WINDOWS\WinSxS\amd64_microsoft.windows.common-controls_6595b64144ccf1df_6.0.22621.3672_none_2713b9d173822955\COMCTL32.dll
0x00007ffe998a0000 - 0x00007ffe998c9000 	C:\WINDOWS\System32\GDI32.dll
0x00007ffe98ad0000 - 0x00007ffe98be8000 	C:\WINDOWS\System32\gdi32full.dll
0x00007ffe991d0000 - 0x00007ffe9926a000 	C:\WINDOWS\System32\msvcp_win.dll
0x00007ffe8ead0000 - 0x00007ffe8eada000 	C:\WINDOWS\SYSTEM32\VERSION.dll
0x00007ffe9aa30000 - 0x00007ffe9aa61000 	C:\WINDOWS\System32\IMM32.DLL
0x00007ffe89790000 - 0x00007ffe8979c000 	C:\Program Files\Java\jdk-21\bin\vcruntime140_1.dll
0x00007ffe7bab0000 - 0x00007ffe7bb3e000 	C:\Program Files\Java\jdk-21\bin\msvcp140.dll
0x00007ffe3f140000 - 0x00007ffe3fe53000 	C:\Program Files\Java\jdk-21\bin\server\jvm.dll
0x00007ffe9ab20000 - 0x00007ffe9ab91000 	C:\WINDOWS\System32\WS2_32.dll
0x00007ffe97910000 - 0x00007ffe9795d000 	C:\WINDOWS\SYSTEM32\POWRPROF.dll
0x00007ffe8eae0000 - 0x00007ffe8eb14000 	C:\WINDOWS\SYSTEM32\WINMM.dll
0x00007ffe978f0000 - 0x00007ffe97903000 	C:\WINDOWS\SYSTEM32\UMPDC.dll
0x00007ffe97ba0000 - 0x00007ffe97bb8000 	C:\WINDOWS\SYSTEM32\kernel.appcore.dll
0x00007ffe895e0000 - 0x00007ffe895ea000 	C:\Program Files\Java\jdk-21\bin\jimage.dll
0x00007ffe95ce0000 - 0x00007ffe95f12000 	C:\WINDOWS\SYSTEM32\DBGHELP.DLL
0x00007ffe99a50000 - 0x00007ffe99dde000 	C:\WINDOWS\System32\combase.dll
0x00007ffe9a0e0000 - 0x00007ffe9a1b7000 	C:\WINDOWS\System32\OLEAUT32.dll
0x00007ffe77970000 - 0x00007ffe779a2000 	C:\WINDOWS\SYSTEM32\dbgcore.DLL
0x00007ffe99150000 - 0x00007ffe991cb000 	C:\WINDOWS\System32\bcryptPrimitives.dll
0x00007ffe89480000 - 0x00007ffe8948f000 	C:\Program Files\Java\jdk-21\bin\instrument.dll
0x00007ffe89520000 - 0x00007ffe8953f000 	C:\Program Files\Java\jdk-21\bin\java.dll

dbghelp: loaded successfully - version: 4.0.5 - missing functions: none
symbol engine: initialized successfully - sym options: 0x614 - pdb path: .;C:\Program Files\Java\jdk-21\bin;C:\WINDOWS\SYSTEM32;C:\WINDOWS\WinSxS\amd64_microsoft.windows.common-controls_6595b64144ccf1df_6.0.22621.3672_none_2713b9d173822955;C:\Program Files\Java\jdk-21\bin\server

VM Arguments:
jvm_args: -javaagent:C:\Program Files\JetBrains\IntelliJ IDEA Community Edition 2024.2.1\lib\idea_rt.jar=54106:C:\Program Files\JetBrains\IntelliJ IDEA Community Edition 2024.2.1\bin -Dfile.encoding=UTF-8 -Dsun.stdout.encoding=UTF-8 -Dsun.stderr.encoding=UTF-8 
java_command: Test
java_class_path (initial): D:\git-project\ems\out\production\ems
Launcher Type: SUN_STANDARD

[Global flags]
     intx CICompilerCount                          = 4                                         {product} {ergonomic}
     uint ConcGCThreads                            = 2                                         {product} {ergonomic}
     uint G1ConcRefinementThreads                  = 8                                         {product} {ergonomic}
   size_t G1HeapRegionSize                         = 2097152                                   {product} {ergonomic}
    uintx GCDrainStackTargetSize                   = 64                                        {product} {ergonomic}
   size_t InitialHeapSize                          = 266338304                                 {product} {ergonomic}
   size_t MarkStackSize                            = 4194304                                   {product} {ergonomic}
   size_t MaxHeapSize                              = 4238344192                                {product} {ergonomic}
   size_t MinHeapDeltaBytes                        = 2097152                                   {product} {ergonomic}
   size_t MinHeapSize                              = 8388608                                   {product} {ergonomic}
    uintx NonNMethodCodeHeapSize                   = 5839372                                {pd product} {ergonomic}
    uintx NonProfiledCodeHeapSize                  = 122909434                              {pd product} {ergonomic}
    uintx ProfiledCodeHeapSize                     = 122909434                              {pd product} {ergonomic}
    uintx ReservedCodeCacheSize                    = 251658240                              {pd product} {ergonomic}
     bool SegmentedCodeCache                       = true                                      {product} {ergonomic}
   size_t SoftMaxHeapSize                          = 4238344192                             {manageable} {ergonomic}
     bool UseCompressedOops                        = true                           {product lp64_product} {ergonomic}
     bool UseG1GC                                  = true                                      {product} {ergonomic}
     bool UseLargePagesIndividualAllocation        = false                                  {pd product} {ergonomic}

Logging:
Log output configuration:
 #0: stdout all=warning uptime,level,tags foldmultilines=false
 #1: stderr all=off uptime,level,tags foldmultilines=false

Environment Variables:
JAVA_HOME=C:\Program Files\Java\jdk-21
PATH=C:\Program Files\Common Files\Oracle\Java\javapath;C:\Program Files (x86)\Common Files\Oracle\Java\javapath;C:\Program Files\Microsoft MPI\Bin\;C:\Python310\Scripts\;C:\Python310\;C:\Python312\Scripts\;C:\Python312\;C:\WINDOWS\system32;C:\WINDOWS;C:\WINDOWS\System32\Wbem;C:\WINDOWS\System32\WindowsPowerShell\v1.0\;C:\WINDOWS\System32\OpenSSH\;C:\Spark\spark-3.1.2-bin-hadoop3.2\bin;C:\Hadoop\bin;%JAVA_HOME%\bin;%MAVEN_HOME%\bin;C:\Program Files\Git\cmd;C:\ProgramData\chocolatey\bin;C:\Users\visha\AppData\Local\Microsoft\WindowsApps;C:\Program Files\JetBrains\IntelliJ IDEA Community Edition 2024.2.1\bin;;D:\Software\gradle-7.6-bin\gradle-7.6\bin;C:\Program Files\JetBrains\PyCharm 2023.3.2\bin;;C:\Program Files\Java\jdk-21\bin;C:\Program Files\maven\bin;
USERNAME=visha
OS=Windows_NT
PROCESSOR_IDENTIFIER=Intel64 Family 6 Model 140 Stepping 1, GenuineIntel
TMP=C:\Users\visha\AppData\Local\Temp
TEMP=C:\Users\visha\AppData\Local\Temp




Periodic native trim disabled

---------------  S Y S T E M  ---------------

OS:
 Windows 11 , 64 bit Build 22621 (10.0.22621.3958)
OS uptime: 1 days 18:12 hours
Hyper-V role detected

CPU: total 8 (initial active 8) (4 cores per cpu, 2 threads per core) family 6 model 140 stepping 1 microcode 0x86, cx8, cmov, fxsr, ht, mmx, 3dnowpref, sse, sse2, sse3, ssse3, sse4.1, sse4.2, popcnt, lzcnt, tsc, tscinvbit, avx, avx2, aes, erms, clmul, bmi1, bmi2, adx, avx512f, avx512dq, avx512cd, avx512bw, avx512vl, sha, fma, vzeroupper, avx512_vpopcntdq, avx512_vpclmulqdq, avx512_vaes, avx512_vnni, clflush, clflushopt, clwb, avx512_vbmi2, avx512_vbmi, hv, rdtscp, rdpid, fsrm, gfni, avx512_bitalg, f16c, cet_ibt, cet_ss, avx512_ifma
Processor Information for all 8 processors :
  Max Mhz: 2419, Current Mhz: 2419, Mhz Limit: 2419

Memory: 4k page, system-wide physical 16167M (3965M free)
TotalPageFile size 17067M (AvailPageFile size 137M)
current process WorkingSet (physical memory assigned to process): 11M, peak: 11M
current process commit charge ("private bytes"): 60M, peak: 314M

vm_info: Java HotSpot(TM) 64-Bit Server VM (21.0.4+8-LTS-274) for windows-amd64 JRE (21.0.4+8-LTS-274), built on 2024-06-05T05:23:33Z by "mach5one" with MS VC++ 17.6 (VS2022)

END.
